-------------------------------------------------------------------------------
Test set: com.bdd.cucumberjunit.CucumberJUnitRunner
-------------------------------------------------------------------------------
Tests run: 9, Failures: 0, Errors: 9, Skipped: 0, Time elapsed: 2.554 sec <<< FAILURE!
Display the Courses List(Add Course module)  Time elapsed: 0.392 sec  <<< ERROR!
io.cucumber.junit.UndefinedStepException: The step 'admin opens the "http://integratedtoolingsystems.in/1swishzz_staging/admin" in the "chrome" browser' and 9 other step(s) are undefined.
You can implement these steps using the snippet(s) below:

@Given("admin opens the {string} in the {string} browser")
public void adminOpensTheInTheBrowser(String string, String string2) {
    // Write code here that turns the phrase above into concrete actions
    throw new io.cucumber.java.PendingException();
}
@Given("enters the username {string} and password {string}")
public void entersTheUsernameAndPassword(String string, String string2) {
    // Write code here that turns the phrase above into concrete actions
    throw new io.cucumber.java.PendingException();
}
@When("click on the login button")
public void clickOnTheLoginButton() {
    // Write code here that turns the phrase above into concrete actions
    throw new io.cucumber.java.PendingException();
}
@Then("then admin views the dashboard with {string} message")
public void thenAdminViewsTheDashboardWithMessage(String string) {
    // Write code here that turns the phrase above into concrete actions
    throw new io.cucumber.java.PendingException();
}
@When("admin clicks on courses list option")
public void adminClicksOnCoursesListOption() {
    // Write code here that turns the phrase above into concrete actions
    throw new io.cucumber.java.PendingException();
}
@Then("browser navigates to courses list page")
public void browserNavigatesToCoursesListPage() {
    // Write code here that turns the phrase above into concrete actions
    throw new io.cucumber.java.PendingException();
}
@When("admin clicks on the add course button")
public void adminClicksOnTheAddCourseButton() {
    // Write code here that turns the phrase above into concrete actions
    throw new io.cucumber.java.PendingException();
}
@Then("browser naviagtes to add course page")
public void browserNaviagtesToAddCoursePage() {
    // Write code here that turns the phrase above into concrete actions
    throw new io.cucumber.java.PendingException();
}
@Given("following course details")
public void followingCourseDetails(io.cucumber.datatable.DataTable dataTable) {
    // Write code here that turns the phrase above into concrete actions
    // For automatic transformation, change DataTable to one of
    // E, List<E>, List<List<E>>, List<Map<K,V>>, Map<K,V> or
    // Map<K, List<V>>. E,K,V must be a String, Integer, Float,
    // Double, Byte, Short, Long, BigInteger or BigDecimal.
    //
    // For other transformations you can register a DataTableType.
    throw new io.cucumber.java.PendingException();
}
@Given("admin close the browser")
public void adminCloseTheBrowser() {
    // Write code here that turns the phrase above into concrete actions
    throw new io.cucumber.java.PendingException();
}


Simple add operation(Calculator)  Time elapsed: 0.014 sec  <<< ERROR!
io.cucumber.junit.UndefinedStepException: The step 'have given a number 2' and 3 other step(s) are undefined.
You can implement these steps using the snippet(s) below:

@Given("have given a number {int}")
public void haveGivenANumber(Integer int1) {
    // Write code here that turns the phrase above into concrete actions
    throw new io.cucumber.java.PendingException();
}
@When("I permform add operation")
public void iPermformAddOperation() {
    // Write code here that turns the phrase above into concrete actions
    throw new io.cucumber.java.PendingException();
}
@Then("I got the result {int}")
public void iGotTheResult(Integer int1) {
    // Write code here that turns the phrase above into concrete actions
    throw new io.cucumber.java.PendingException();
}


Simple add operation with multiple values #1(Calculator)  Time elapsed: 0.08 sec  <<< ERROR!
io.cucumber.junit.UndefinedStepException: The step 'have given a number 1' and 3 other step(s) are undefined.
You can implement these steps using the snippet(s) below:

@Given("have given a number {int}")
public void haveGivenANumber(Integer int1) {
    // Write code here that turns the phrase above into concrete actions
    throw new io.cucumber.java.PendingException();
}
@When("I permform add operation")
public void iPermformAddOperation() {
    // Write code here that turns the phrase above into concrete actions
    throw new io.cucumber.java.PendingException();
}
@Then("I got the result {int}")
public void iGotTheResult(Integer int1) {
    // Write code here that turns the phrase above into concrete actions
    throw new io.cucumber.java.PendingException();
}


Simple add operation with multiple values #2(Calculator)  Time elapsed: 0.027 sec  <<< ERROR!
io.cucumber.junit.UndefinedStepException: The step 'have given a number 2' and 3 other step(s) are undefined.
You can implement these steps using the snippet(s) below:

@Given("have given a number {int}")
public void haveGivenANumber(Integer int1) {
    // Write code here that turns the phrase above into concrete actions
    throw new io.cucumber.java.PendingException();
}
@When("I permform add operation")
public void iPermformAddOperation() {
    // Write code here that turns the phrase above into concrete actions
    throw new io.cucumber.java.PendingException();
}
@Then("I got the result {int}")
public void iGotTheResult(Integer int1) {
    // Write code here that turns the phrase above into concrete actions
    throw new io.cucumber.java.PendingException();
}


Loggedin with valid credentials #1(Admin portal Login)  Time elapsed: 0.038 sec  <<< ERROR!
io.cucumber.junit.UndefinedStepException: The step 'admin opens the "http://integratedtoolingsystems.in/1swishzz_staging/admin" in the "chrome" browser' and 4 other step(s) are undefined.
You can implement these steps using the snippet(s) below:

@Given("admin opens the {string} in the {string} browser")
public void adminOpensTheInTheBrowser(String string, String string2) {
    // Write code here that turns the phrase above into concrete actions
    throw new io.cucumber.java.PendingException();
}
@Given("enters the username {string} and password {string}")
public void entersTheUsernameAndPassword(String string, String string2) {
    // Write code here that turns the phrase above into concrete actions
    throw new io.cucumber.java.PendingException();
}
@When("click on the login button")
public void clickOnTheLoginButton() {
    // Write code here that turns the phrase above into concrete actions
    throw new io.cucumber.java.PendingException();
}
@Then("then admin views the dashboard with {string} message")
public void thenAdminViewsTheDashboardWithMessage(String string) {
    // Write code here that turns the phrase above into concrete actions
    throw new io.cucumber.java.PendingException();
}
@Then("admin close the browser")
public void adminCloseTheBrowser() {
    // Write code here that turns the phrase above into concrete actions
    throw new io.cucumber.java.PendingException();
}


Loggedin with valid credentials #2(Admin portal Login)  Time elapsed: 0.067 sec  <<< ERROR!
io.cucumber.junit.UndefinedStepException: The step 'admin opens the "http://integratedtoolingsystems.in/1swishzz_staging/admin" in the "chrome" browser' and 4 other step(s) are undefined.
You can implement these steps using the snippet(s) below:

@Given("admin opens the {string} in the {string} browser")
public void adminOpensTheInTheBrowser(String string, String string2) {
    // Write code here that turns the phrase above into concrete actions
    throw new io.cucumber.java.PendingException();
}
@Given("enters the username {string} and password {string}")
public void entersTheUsernameAndPassword(String string, String string2) {
    // Write code here that turns the phrase above into concrete actions
    throw new io.cucumber.java.PendingException();
}
@When("click on the login button")
public void clickOnTheLoginButton() {
    // Write code here that turns the phrase above into concrete actions
    throw new io.cucumber.java.PendingException();
}
@Then("admin view the error message as {string}")
public void adminViewTheErrorMessageAs(String string) {
    // Write code here that turns the phrase above into concrete actions
    throw new io.cucumber.java.PendingException();
}
@Then("admin close the browser")
public void adminCloseTheBrowser() {
    // Write code here that turns the phrase above into concrete actions
    throw new io.cucumber.java.PendingException();
}


Loggedin with valid credentials #3(Admin portal Login)  Time elapsed: 0.039 sec  <<< ERROR!
io.cucumber.junit.UndefinedStepException: The step 'admin opens the "http://integratedtoolingsystems.in/1swishzz_staging/admin" in the "chrome" browser' and 4 other step(s) are undefined.
You can implement these steps using the snippet(s) below:

@Given("admin opens the {string} in the {string} browser")
public void adminOpensTheInTheBrowser(String string, String string2) {
    // Write code here that turns the phrase above into concrete actions
    throw new io.cucumber.java.PendingException();
}
@Given("enters the username {string} and password {string}")
public void entersTheUsernameAndPassword(String string, String string2) {
    // Write code here that turns the phrase above into concrete actions
    throw new io.cucumber.java.PendingException();
}
@When("click on the login button")
public void clickOnTheLoginButton() {
    // Write code here that turns the phrase above into concrete actions
    throw new io.cucumber.java.PendingException();
}
@Then("admin view the error message as {string}")
public void adminViewTheErrorMessageAs(String string) {
    // Write code here that turns the phrase above into concrete actions
    throw new io.cucumber.java.PendingException();
}
@Then("admin close the browser")
public void adminCloseTheBrowser() {
    // Write code here that turns the phrase above into concrete actions
    throw new io.cucumber.java.PendingException();
}


Loggedin with valid credentials #4(Admin portal Login)  Time elapsed: 0.022 sec  <<< ERROR!
io.cucumber.junit.UndefinedStepException: The step 'admin opens the "http://integratedtoolingsystems.in/1swishzz_staging/admin" in the "chrome" browser' and 4 other step(s) are undefined.
You can implement these steps using the snippet(s) below:

@Given("admin opens the {string} in the {string} browser")
public void adminOpensTheInTheBrowser(String string, String string2) {
    // Write code here that turns the phrase above into concrete actions
    throw new io.cucumber.java.PendingException();
}
@Given("enters the username {string} and password {string}")
public void entersTheUsernameAndPassword(String string, String string2) {
    // Write code here that turns the phrase above into concrete actions
    throw new io.cucumber.java.PendingException();
}
@When("click on the login button")
public void clickOnTheLoginButton() {
    // Write code here that turns the phrase above into concrete actions
    throw new io.cucumber.java.PendingException();
}
@Then("admin view the error message as {string}")
public void adminViewTheErrorMessageAs(String string) {
    // Write code here that turns the phrase above into concrete actions
    throw new io.cucumber.java.PendingException();
}
@Then("admin close the browser")
public void adminCloseTheBrowser() {
    // Write code here that turns the phrase above into concrete actions
    throw new io.cucumber.java.PendingException();
}


Loggedin with valid credentials #5(Admin portal Login)  Time elapsed: 0.054 sec  <<< ERROR!
io.cucumber.junit.UndefinedStepException: The step 'admin opens the "http://integratedtoolingsystems.in/1swishzz_staging/admin" in the "chrome" browser' and 4 other step(s) are undefined.
You can implement these steps using the snippet(s) below:

@Given("admin opens the {string} in the {string} browser")
public void adminOpensTheInTheBrowser(String string, String string2) {
    // Write code here that turns the phrase above into concrete actions
    throw new io.cucumber.java.PendingException();
}
@Given("enters the username {string} and password {string}")
public void entersTheUsernameAndPassword(String string, String string2) {
    // Write code here that turns the phrase above into concrete actions
    throw new io.cucumber.java.PendingException();
}
@When("click on the login button")
public void clickOnTheLoginButton() {
    // Write code here that turns the phrase above into concrete actions
    throw new io.cucumber.java.PendingException();
}
@Then("admin view the error message as {string}")
public void adminViewTheErrorMessageAs(String string) {
    // Write code here that turns the phrase above into concrete actions
    throw new io.cucumber.java.PendingException();
}
@Then("admin close the browser")
public void adminCloseTheBrowser() {
    // Write code here that turns the phrase above into concrete actions
    throw new io.cucumber.java.PendingException();
}


